c:\users\asus\desktop\rookemon\rookemon\x64\debug\rookemon.pch
c:\users\asus\desktop\rookemon\rookemon\x64\debug\vc141.pdb
c:\users\asus\desktop\rookemon\rookemon\x64\debug\vc141.idb
c:\users\asus\desktop\rookemon\rookemon\x64\debug\stdafx.obj
c:\users\asus\desktop\rookemon\rookemon\x64\debug\text.obj
c:\users\asus\desktop\rookemon\rookemon\x64\debug\rookemon.obj
c:\users\asus\desktop\rookemon\rookemon\x64\debug\pokemon.obj
c:\users\asus\desktop\rookemon\rookemon\x64\debug\menu.obj
c:\users\asus\desktop\rookemon\rookemon\x64\debug\map.obj
c:\users\asus\desktop\rookemon\rookemon\x64\debug\character.obj
c:\users\asus\desktop\rookemon\x64\debug\rookemon.exe
c:\users\asus\desktop\rookemon\x64\debug\rookemon.ilk
c:\users\asus\desktop\rookemon\x64\debug\rookemon.pdb
c:\users\asus\desktop\rookemon\rookemon\x64\debug\rookemon.res
c:\users\asus\desktop\rookemon\rookemon\x64\debug\rookemon.tlog\cl.command.1.tlog
c:\users\asus\desktop\rookemon\rookemon\x64\debug\rookemon.tlog\cl.read.1.tlog
c:\users\asus\desktop\rookemon\rookemon\x64\debug\rookemon.tlog\cl.write.1.tlog
c:\users\asus\desktop\rookemon\rookemon\x64\debug\rookemon.tlog\link.command.1.tlog
c:\users\asus\desktop\rookemon\rookemon\x64\debug\rookemon.tlog\link.read.1.tlog
c:\users\asus\desktop\rookemon\rookemon\x64\debug\rookemon.tlog\link.write.1.tlog
c:\users\asus\desktop\rookemon\rookemon\x64\debug\rookemon.tlog\rc.command.1.tlog
c:\users\asus\desktop\rookemon\rookemon\x64\debug\rookemon.tlog\rc.read.1.tlog
c:\users\asus\desktop\rookemon\rookemon\x64\debug\rookemon.tlog\rc.write.1.tlog
